DEBUG:instruments.abstract_instruments.comm.gi_gpib: <- 'T4W'
DEBUG:instruments.abstract_instruments.comm.gi_gpib: <- 'W6STG'
DEBUG:instruments.abstract_instruments.comm.gi_gpib: <- 'R1W'
DEBUG:instruments.abstract_instruments.comm.gi_gpib: <- 'W10STN'
DEBUG:instruments.abstract_instruments.comm.gi_gpib: <- 'W1STI'
DEBUG:instruments.abstract_instruments.comm.gi_gpib: <- 'S0F4'
DEBUG:instruments.abstract_instruments.comm.gi_gpib: <- 'T3'
DEBUG:instruments.abstract_instruments.comm.gi_gpib: <- ''
DEBUG:instruments.abstract_instruments.comm.gi_gpib: <- ''
DEBUG:instruments.abstract_instruments.comm.gi_gpib: -> '+000.1055E+0,+000.1019E+0,+000.1046E+0,+000.0986E+0,+000.1004E+0,+000.1052E+0,+000.1002E+0,+000.0993E+0,+000.1046E+0,+000.0989E+0'
DEBUG:instruments.abstract_instruments.comm.gi_gpib: <- 'W10STI'
DEBUG:instruments.abstract_instruments.comm.gi_gpib: <- 'REN'
DEBUG:instruments.abstract_instruments.comm.gi_gpib: <- ''
DEBUG:instruments.abstract_instruments.comm.gi_gpib: <- ''
DEBUG:instruments.abstract_instruments.comm.gi_gpib: -> '+10.00000E+0'
DEBUG:instruments.abstract_instruments.comm.gi_gpib: <- 'REG'
DEBUG:instruments.abstract_instruments.comm.gi_gpib: <- ''
DEBUG:instruments.abstract_instruments.comm.gi_gpib: <- ''
DEBUG:instruments.abstract_instruments.comm.gi_gpib: -> '+06.00000E+0'
DEBUG:instruments.abstract_instruments.comm.gi_gpib: <- 'REI'
DEBUG:instruments.abstract_instruments.comm.gi_gpib: <- ''
DEBUG:instruments.abstract_instruments.comm.gi_gpib: <- ''
DEBUG:instruments.abstract_instruments.comm.gi_gpib: -> '+10.00000E+0'
DEBUG:instruments.abstract_instruments.comm.gi_gpib: <- 'RED'
DEBUG:instruments.abstract_instruments.comm.gi_gpib: <- ''
DEBUG:instruments.abstract_instruments.comm.gi_gpib: <- ''
DEBUG:instruments.abstract_instruments.comm.gi_gpib: -> '-000.0000E+0'
DEBUG:instruments.abstract_instruments.comm.gi_gpib: <- 'REM'
DEBUG:instruments.abstract_instruments.comm.gi_gpib: <- ''
DEBUG:instruments.abstract_instruments.comm.gi_gpib: <- ''
DEBUG:instruments.abstract_instruments.comm.gi_gpib: -> '+1999999.E+9'
DEBUG:instruments.abstract_instruments.comm.gi_gpib: <- 'REV'
DEBUG:instruments.abstract_instruments.comm.gi_gpib: <- ''
DEBUG:instruments.abstract_instruments.comm.gi_gpib: <- ''
DEBUG:instruments.abstract_instruments.comm.gi_gpib: -> '+1999999.E+9'
DEBUG:instruments.abstract_instruments.comm.gi_gpib: <- 'REC'
DEBUG:instruments.abstract_instruments.comm.gi_gpib: <- ''
DEBUG:instruments.abstract_instruments.comm.gi_gpib: <- ''
DEBUG:instruments.abstract_instruments.comm.gi_gpib: -> '+000.0000E+0'
DEBUG:instruments.abstract_instruments.comm.gi_gpib: <- 'REL'
DEBUG:instruments.abstract_instruments.comm.gi_gpib: <- ''
DEBUG:instruments.abstract_instruments.comm.gi_gpib: <- ''
DEBUG:instruments.abstract_instruments.comm.gi_gpib: -> '-1999999.E+9'
DEBUG:instruments.abstract_instruments.comm.gi_gpib: <- 'REU'
DEBUG:instruments.abstract_instruments.comm.gi_gpib: <- ''
DEBUG:instruments.abstract_instruments.comm.gi_gpib: <- ''
DEBUG:instruments.abstract_instruments.comm.gi_gpib: -> '+1999999.E+9'
DEBUG:instruments.abstract_instruments.comm.gi_gpib: <- 'RER'
DEBUG:instruments.abstract_instruments.comm.gi_gpib: <- ''
DEBUG:instruments.abstract_instruments.comm.gi_gpib: <- ''
DEBUG:instruments.abstract_instruments.comm.gi_gpib: -> '+0600.000E+0'
DEBUG:instruments.abstract_instruments.comm.gi_gpib: <- 'REY'
DEBUG:instruments.abstract_instruments.comm.gi_gpib: <- ''
DEBUG:instruments.abstract_instruments.comm.gi_gpib: <- ''
DEBUG:instruments.abstract_instruments.comm.gi_gpib: -> '+1.000000E+0'
DEBUG:instruments.abstract_instruments.comm.gi_gpib: <- 'REZ'
DEBUG:instruments.abstract_instruments.comm.gi_gpib: <- ''
DEBUG:instruments.abstract_instruments.comm.gi_gpib: <- ''
DEBUG:instruments.abstract_instruments.comm.gi_gpib: -> '+000.0000E+0'
DEBUG:instruments.abstract_instruments.comm.gi_gpib: <- 'W100STI'
DEBUG:instruments.abstract_instruments.comm.gi_gpib: <- 'REC'
DEBUG:instruments.abstract_instruments.comm.gi_gpib: <- ''
DEBUG:instruments.abstract_instruments.comm.gi_gpib: <- ''
DEBUG:instruments.abstract_instruments.comm.gi_gpib: -> '+000.0000E+0'
DEBUG:instruments.abstract_instruments.comm.gi_gpib: <- 'S1F1W1STNT3'
DEBUG:instruments.abstract_instruments.comm.gi_gpib: <- ''
DEBUG:instruments.abstract_instruments.comm.gi_gpib: <- ''
DEBUG:instruments.abstract_instruments.comm.gi_gpib: -> '-00.00079E-3'
DEBUG:instruments.abstract_instruments.comm.gi_gpib: <- 'S0F4W1STNT3'
DEBUG:instruments.abstract_instruments.comm.gi_gpib: <- ''
DEBUG:instruments.abstract_instruments.comm.gi_gpib: <- ''
DEBUG:instruments.abstract_instruments.comm.gi_gpib: -> '+00.00051E-3'
DEBUG:instruments.abstract_instruments.comm.gi_gpib: <- 'R2W'
DEBUG:instruments.abstract_instruments.comm.gi_gpib: <- 'S0F1W1STNT3'
DEBUG:instruments.abstract_instruments.comm.gi_gpib: <- ''
DEBUG:instruments.abstract_instruments.comm.gi_gpib: <- ''
DEBUG:instruments.abstract_instruments.comm.gi_gpib: -> '+000.0001E-3'
DEBUG:instruments.abstract_instruments.comm.gi_gpib: <- 'R3W'
DEBUG:instruments.abstract_instruments.comm.gi_gpib: <- 'S0F1W1STNT3'
DEBUG:instruments.abstract_instruments.comm.gi_gpib: <- ''
DEBUG:instruments.abstract_instruments.comm.gi_gpib: <- ''
DEBUG:instruments.abstract_instruments.comm.gi_gpib: -> '+000.0000E-3'
DEBUG:instruments.abstract_instruments.comm.gi_gpib: <- 'R4W'
DEBUG:instruments.abstract_instruments.comm.gi_gpib: <- 'S0F1W1STNT3'
DEBUG:instruments.abstract_instruments.comm.gi_gpib: <- ''
DEBUG:instruments.abstract_instruments.comm.gi_gpib: <- ''
DEBUG:instruments.abstract_instruments.comm.gi_gpib: -> '-000.0001E-3'
DEBUG:instruments.abstract_instruments.comm.gi_gpib: <- 'R5W'
DEBUG:instruments.abstract_instruments.comm.gi_gpib: <- 'S0F1W1STNT3'
DEBUG:instruments.abstract_instruments.comm.gi_gpib: <- ''
DEBUG:instruments.abstract_instruments.comm.gi_gpib: <- ''
DEBUG:instruments.abstract_instruments.comm.gi_gpib: -> '+000.0001E-3'
DEBUG:instruments.abstract_instruments.comm.gi_gpib: <- 'R6W'
DEBUG:instruments.abstract_instruments.comm.gi_gpib: <- 'S0F1W1STNT3'
DEBUG:instruments.abstract_instruments.comm.gi_gpib: <- ''
DEBUG:instruments.abstract_instruments.comm.gi_gpib: <- ''
DEBUG:instruments.abstract_instruments.comm.gi_gpib: -> '-000.0000E-3'
DEBUG:instruments.abstract_instruments.comm.gi_gpib: <- 'M0'
DEBUG:instruments.abstract_instruments.comm.gi_gpib: <- 'S0F4W1STNT3'
DEBUG:instruments.abstract_instruments.comm.gi_gpib: <- ''
DEBUG:instruments.abstract_instruments.comm.gi_gpib: <- ''
DEBUG:instruments.abstract_instruments.comm.gi_gpib: -> '+000.1010E+0'
DEBUG:instruments.abstract_instruments.comm.gi_gpib: <- 'M3'
DEBUG:instruments.abstract_instruments.comm.gi_gpib: <- 'S0F4W1STNT3'
DEBUG:instruments.abstract_instruments.comm.gi_gpib: <- ''
DEBUG:instruments.abstract_instruments.comm.gi_gpib: <- ''
DEBUG:instruments.abstract_instruments.comm.gi_gpib: -> '+000.1012E+0'
DEBUG:instruments.abstract_instruments.comm.gi_gpib: <- 'M0'
DEBUG:instruments.abstract_instruments.comm.gi_gpib: <- 'S0F4W1STNT3'
DEBUG:instruments.abstract_instruments.comm.gi_gpib: <- ''
DEBUG:instruments.abstract_instruments.comm.gi_gpib: <- ''
DEBUG:instruments.abstract_instruments.comm.gi_gpib: -> '+000.1010E+0'
DEBUG:instruments.abstract_instruments.comm.gi_gpib: <- 'Z0'
DEBUG:instruments.abstract_instruments.comm.gi_gpib: <- 'FL0'
DEBUG:instruments.abstract_instruments.comm.gi_gpib: <- 'R1W'
DEBUG:instruments.abstract_instruments.comm.gi_gpib: <- 'S0F1W1STNT3'
DEBUG:instruments.abstract_instruments.comm.gi_gpib: <- ''
DEBUG:instruments.abstract_instruments.comm.gi_gpib: <- ''
DEBUG:instruments.abstract_instruments.comm.gi_gpib: -> '-000.0001E-3'
DEBUG:instruments.abstract_instruments.comm.gi_gpib: <- 'Z1'
DEBUG:instruments.abstract_instruments.comm.gi_gpib: <- 'S0F1W1STNT3'
DEBUG:instruments.abstract_instruments.comm.gi_gpib: <- ''
DEBUG:instruments.abstract_instruments.comm.gi_gpib: <- ''
DEBUG:instruments.abstract_instruments.comm.gi_gpib: -> '+000.0001E-3'
DEBUG:instruments.abstract_instruments.comm.gi_gpib: <- 'FL1'
DEBUG:instruments.abstract_instruments.comm.gi_gpib: <- 'S0F1W1STNT3'
DEBUG:instruments.abstract_instruments.comm.gi_gpib: <- ''
DEBUG:instruments.abstract_instruments.comm.gi_gpib: <- ''
DEBUG:instruments.abstract_instruments.comm.gi_gpib: -> '+000.0000E-3'
DEBUG:instruments.abstract_instruments.comm.gi_gpib: <- 'Z0'
DEBUG:instruments.abstract_instruments.comm.gi_gpib: <- 'S0F1W1STNT3'
DEBUG:instruments.abstract_instruments.comm.gi_gpib: <- ''
DEBUG:instruments.abstract_instruments.comm.gi_gpib: <- ''
DEBUG:instruments.abstract_instruments.comm.gi_gpib: -> '-000.0000E-3'
10
n = 10.0
g = 6.0
p = 10.0
d = -0.0 s
1.999999e+15
1.999999e+15
0
-1.999999e+15
1.999999e+15
600.0
1.0
0.0
0
-7.9e-07
5.1e-07 ohm
1e-07 V
0.0 V
-1e-07 V
1e-07 V
-0.0 V
False
0.101 ohm
0.1012 ohm
0.101 ohm
-1e-07 V
1e-07 V
0.0 V
-0.0 V
